<?xml version="1.0" encoding="UTF-8"?>
<testsuite name="net.ict.springex.mapper.TodoMapperTest" tests="1" skipped="0" failures="0" errors="0" timestamp="2022-11-16T07:26:35" hostname="DESKTOP-4384OFG" time="0.087">
  <properties/>
  <testcase name="testSelectSearch()" classname="net.ict.springex.mapper.TodoMapperTest" time="0.087"/>
  <system-out><![CDATA[04:26:34  INFO [org.springframework.test.context.support.DefaultTestContextBootstrapper] Loaded default TestExecutionListener class names from location [META-INF/spring.factories]: [org.springframework.test.context.web.ServletTestExecutionListener, org.springframework.test.context.support.DirtiesContextBeforeModesTestExecutionListener, org.springframework.test.context.event.ApplicationEventsTestExecutionListener, org.springframework.test.context.support.DependencyInjectionTestExecutionListener, org.springframework.test.context.support.DirtiesContextTestExecutionListener, org.springframework.test.context.transaction.TransactionalTestExecutionListener, org.springframework.test.context.jdbc.SqlScriptsTestExecutionListener, org.springframework.test.context.event.EventPublishingTestExecutionListener]
04:26:34  INFO [org.springframework.test.context.support.DefaultTestContextBootstrapper] Using TestExecutionListeners: [org.springframework.test.context.support.DirtiesContextBeforeModesTestExecutionListener@2160e52a, org.springframework.test.context.event.ApplicationEventsTestExecutionListener@29f0802c, org.springframework.test.context.support.DependencyInjectionTestExecutionListener@3a60c416, org.springframework.test.context.support.DirtiesContextTestExecutionListener@60f2e0bd, org.springframework.test.context.transaction.TransactionalTestExecutionListener@469d003c, org.springframework.test.context.jdbc.SqlScriptsTestExecutionListener@6b410923, org.springframework.test.context.event.EventPublishingTestExecutionListener@57bd2029]
04:26:34  INFO [com.zaxxer.hikari.HikariDataSource] HikariPool-1 - Starting...
04:26:34  INFO [com.zaxxer.hikari.pool.HikariPool] HikariPool-1 - Added connection org.mariadb.jdbc.Connection@5b852b49
04:26:34  INFO [com.zaxxer.hikari.HikariDataSource] HikariPool-1 - Start completed.
04:26:35  INFO [net.ict.springex.mapper.TodoMapperTest] TodoVO(tno=458802, title=수정완료, dueDate=2022-11-23, finished=false, writer=준영)
04:26:35  INFO [net.ict.springex.mapper.TodoMapperTest] TodoVO(tno=458798, title=수정완료, dueDate=2022-11-23, finished=false, writer=준영)
04:26:35  INFO [net.ict.springex.mapper.TodoMapperTest] TodoVO(tno=458794, title=수정완료, dueDate=2022-11-23, finished=false, writer=준영)
04:26:35  INFO [net.ict.springex.mapper.TodoMapperTest] TodoVO(tno=458790, title=수정완료, dueDate=2022-11-23, finished=false, writer=준영)
04:26:35  INFO [net.ict.springex.mapper.TodoMapperTest] TodoVO(tno=458786, title=수정완료, dueDate=2022-11-23, finished=false, writer=준영)
04:26:35  INFO [net.ict.springex.mapper.TodoMapperTest] TodoVO(tno=458782, title=수정완료, dueDate=2022-11-23, finished=false, writer=준영)
04:26:35  INFO [net.ict.springex.mapper.TodoMapperTest] TodoVO(tno=458778, title=수정완료, dueDate=2022-11-23, finished=false, writer=준영)
04:26:35  INFO [net.ict.springex.mapper.TodoMapperTest] TodoVO(tno=458774, title=수정완료, dueDate=2022-11-23, finished=false, writer=준영)
04:26:35  INFO [net.ict.springex.mapper.TodoMapperTest] TodoVO(tno=458770, title=수정완료, dueDate=2022-11-23, finished=false, writer=준영)
04:26:35  INFO [net.ict.springex.mapper.TodoMapperTest] TodoVO(tno=458766, title=수정완료, dueDate=2022-11-23, finished=false, writer=준영)
]]></system-out>
  <system-err><![CDATA[]]></system-err>
</testsuite>
